生成启动时间为 2018/2/22 12:56:56。
     1>项目“D:\Data-Structure\Binary_Tree\Binary_Tree\Binary_Tree.vcxproj”在节点 2 上(build 个目标)。
     1>InitializeBuildStatus:
         正在对“Debug\Binary_Tree.unsuccessfulbuild”执行 Touch 任务。
       ClCompile:
         D:\Program Files (x86)\Microsoft Visual Studio 10.0\VC\bin\CL.exe /c /ZI /nologo /W3 /WX- /Od /Oy- /D WIN32 /D _DEBUG /D _CONSOLE /D _UNICODE /D UNICODE /Gm /EHsc /RTC1 /MDd /GS /fp:precise /Zc:wchar_t /Zc:forScope /Fo"Debug\\" /Fd"Debug\vc100.pdb" /Gd /TP /analyze- /errorReport:prompt main.cpp
         main.cpp
     1>d:\data-structure\binary_tree\binary_tree\main.cpp(31): warning C4996: 'scanf': This function or variable may be unsafe. Consider using scanf_s instead. To disable deprecation, use _CRT_SECURE_NO_WARNINGS. See online help for details.
                 d:\program files (x86)\microsoft visual studio 10.0\vc\include\stdio.h(304) : 参见“scanf”的声明
       ManifestResourceCompile:
         C:\Program Files (x86)\Microsoft SDKs\Windows\v7.0A\bin\rc.exe /nologo /fo"Debug\Binary_Tree.exe.embed.manifest.res" Debug\Binary_Tree_manifest.rc 
       Link:
         D:\Program Files (x86)\Microsoft Visual Studio 10.0\VC\bin\link.exe /ERRORREPORT:PROMPT /OUT:"D:\Data-Structure\Binary_Tree\Debug\Binary_Tree.exe" /INCREMENTAL /NOLOGO kernel32.lib user32.lib gdi32.lib winspool.lib comdlg32.lib advapi32.lib shell32.lib ole32.lib oleaut32.lib uuid.lib odbc32.lib odbccp32.lib /MANIFEST /ManifestFile:"Debug\Binary_Tree.exe.intermediate.manifest" /MANIFESTUAC:"level='asInvoker' uiAccess='false'" /DEBUG /PDB:"D:\Data-Structure\Binary_Tree\Debug\Binary_Tree.pdb" /SUBSYSTEM:CONSOLE /TLBID:1 /DYNAMICBASE /NXCOMPAT /IMPLIB:"D:\Data-Structure\Binary_Tree\Debug\Binary_Tree.lib" /MACHINE:X86 Debug\Binary_Tree.exe.embed.manifest.res
         Debug\main.obj
       Manifest:
         C:\Program Files (x86)\Microsoft SDKs\Windows\v7.0A\bin\mt.exe /nologo /verbose /out:"Debug\Binary_Tree.exe.embed.manifest" /manifest Debug\Binary_Tree.exe.intermediate.manifest
         C:\Program Files (x86)\Microsoft SDKs\Windows\v7.0A\bin\rc.exe /nologo /fo"Debug\Binary_Tree.exe.embed.manifest.res" Debug\Binary_Tree_manifest.rc 
       LinkEmbedManifest:
         D:\Program Files (x86)\Microsoft Visual Studio 10.0\VC\bin\link.exe /ERRORREPORT:PROMPT /OUT:"D:\Data-Structure\Binary_Tree\Debug\Binary_Tree.exe" /INCREMENTAL /NOLOGO kernel32.lib user32.lib gdi32.lib winspool.lib comdlg32.lib advapi32.lib shell32.lib ole32.lib oleaut32.lib uuid.lib odbc32.lib odbccp32.lib /MANIFEST /ManifestFile:"Debug\Binary_Tree.exe.intermediate.manifest" /MANIFESTUAC:"level='asInvoker' uiAccess='false'" /DEBUG /PDB:"D:\Data-Structure\Binary_Tree\Debug\Binary_Tree.pdb" /SUBSYSTEM:CONSOLE /TLBID:1 /DYNAMICBASE /NXCOMPAT /IMPLIB:"D:\Data-Structure\Binary_Tree\Debug\Binary_Tree.lib" /MACHINE:X86 Debug\Binary_Tree.exe.embed.manifest.res
         Debug\main.obj
         Binary_Tree.vcxproj -> D:\Data-Structure\Binary_Tree\Debug\Binary_Tree.exe
       FinalizeBuildStatus:
         正在删除文件“Debug\Binary_Tree.unsuccessfulbuild”。
         正在对“Debug\Binary_Tree.lastbuildstate”执行 Touch 任务。
     1>已完成生成项目“D:\Data-Structure\Binary_Tree\Binary_Tree\Binary_Tree.vcxproj”(build 个目标)的操作。

生成成功。

已用时间 00:00:01.40
